<?xml version="1.0" encoding="UTF-8"?>
<coverage generated="1675012613325" clover="3.2.0">
  <project timestamp="1675012613326" name="All files">
    <metrics statements="21" coveredstatements="21" conditionals="9" coveredconditionals="9" methods="7" coveredmethods="7" elements="37" coveredelements="37" complexity="0" loc="21" ncloc="21" packages="1" files="1" classes="1"/>
    <file name="index.ts" path="C:\Users\Alexd\OneDrive - De Vinci\A4 DW\Dev\RenduTDD\index.ts">
      <metrics statements="21" coveredstatements="21" conditionals="9" coveredconditionals="9" methods="7" coveredmethods="7"/>
      <line num="1" count="1" type="stmt"/>
      <line num="2" count="7" type="stmt"/>
      <line num="3" count="7" type="stmt"/>
      <line num="6" count="1" type="stmt"/>
      <line num="7" count="32" type="cond" truecount="1" falsecount="0"/>
      <line num="11" count="67" type="stmt"/>
      <line num="13" count="4" type="stmt"/>
      <line num="15" count="28" type="stmt"/>
      <line num="17" count="28" type="stmt"/>
      <line num="20" count="1" type="stmt"/>
      <line num="21" count="2" type="stmt"/>
      <line num="24" count="1" type="stmt"/>
      <line num="26" count="4" type="stmt"/>
      <line num="28" count="4" type="stmt"/>
      <line num="29" count="20" type="cond" truecount="1" falsecount="0"/>
      <line num="30" count="4" type="stmt"/>
      <line num="34" count="4" type="stmt"/>
      <line num="37" count="1" type="stmt"/>
      <line num="39" count="2" type="cond" truecount="1" falsecount="0"/>
      <line num="43" count="1" type="stmt"/>
      <line num="46" count="2" type="stmt"/>
    </file>
  </project>
</coverage>
