<?xml version="1.0" encoding="UTF-8"?>
<coverage generated="1674747749430" clover="3.2.0">
  <project timestamp="1674747749433" name="All files">
    <metrics statements="15" coveredstatements="9" conditionals="8" coveredconditionals="7" methods="5" coveredmethods="2" elements="28" coveredelements="18" complexity="0" loc="15" ncloc="15" packages="1" files="1" classes="1"/>
    <file name="index.ts" path="C:\Users\cadet\Documents\RenduTDD\index.ts">
      <metrics statements="15" coveredstatements="9" conditionals="8" coveredconditionals="7" methods="5" coveredmethods="2"/>
      <line num="1" count="1" type="stmt"/>
      <line num="2" count="1" type="stmt"/>
      <line num="4" count="1" type="stmt"/>
      <line num="5" count="5" type="cond" truecount="1" falsecount="0"/>
      <line num="9" count="6" type="stmt"/>
      <line num="11" count="4" type="stmt"/>
      <line num="14" count="1" type="stmt"/>
      <line num="17" count="1" type="stmt"/>
      <line num="19" count="0" type="stmt"/>
      <line num="22" count="1" type="stmt"/>
      <line num="24" count="0" type="stmt"/>
      <line num="26" count="0" type="stmt"/>
      <line num="27" count="0" type="cond" truecount="0" falsecount="1"/>
      <line num="28" count="0" type="stmt"/>
      <line num="32" count="0" type="stmt"/>
    </file>
  </project>
</coverage>
