{"C:\\Users\\Alexd\\OneDrive - De Vinci\\A4 DW\\Dev\\RenduTDD\\index.ts": {"path":"C:\\Users\\Alexd\\OneDrive - De Vinci\\A4 DW\\Dev\\RenduTDD\\index.ts","statementMap":{"0":{"start":{"line":1,"column":25},"end":{"line":4,"column":1}},"1":{"start":{"line":2,"column":4},"end":{"line":2,"column":18}},"2":{"start":{"line":3,"column":4},"end":{"line":3,"column":20}},"3":{"start":{"line":1,"column":13},"end":{"line":1,"column":25}},"4":{"start":{"line":6,"column":25},"end":{"line":18,"column":1}},"5":{"start":{"line":7,"column":4},"end":{"line":14,"column":null}},"6":{"start":{"line":11,"column":34},"end":{"line":11,"column":57}},"7":{"start":{"line":13,"column":8},"end":{"line":13,"column":30}},"8":{"start":{"line":15,"column":4},"end":{"line":15,"column":26}},"9":{"start":{"line":17,"column":4},"end":{"line":17,"column":20}},"10":{"start":{"line":6,"column":13},"end":{"line":6,"column":25}},"11":{"start":{"line":20,"column":24},"end":{"line":22,"column":1}},"12":{"start":{"line":21,"column":4},"end":{"line":21,"column":27}},"13":{"start":{"line":20,"column":13},"end":{"line":20,"column":24}},"14":{"start":{"line":24,"column":31},"end":{"line":35,"column":1}},"15":{"start":{"line":26,"column":26},"end":{"line":26,"column":28}},"16":{"start":{"line":28,"column":4},"end":{"line":32,"column":7}},"17":{"start":{"line":29,"column":8},"end":{"line":31,"column":null}},"18":{"start":{"line":30,"column":12},"end":{"line":30,"column":null}},"19":{"start":{"line":34,"column":4},"end":{"line":34,"column":15}},"20":{"start":{"line":24,"column":13},"end":{"line":24,"column":31}}},"fnMap":{"0":{"name":"(anonymous_0)","decl":{"start":{"line":1,"column":25},"end":{"line":1,"column":26}},"loc":{"start":{"line":1,"column":62},"end":{"line":4,"column":1}}},"1":{"name":"(anonymous_1)","decl":{"start":{"line":6,"column":25},"end":{"line":6,"column":26}},"loc":{"start":{"line":6,"column":101},"end":{"line":18,"column":1}}},"2":{"name":"(anonymous_2)","decl":{"start":{"line":11,"column":23},"end":{"line":11,"column":30}},"loc":{"start":{"line":11,"column":34},"end":{"line":11,"column":57}}},"3":{"name":"(anonymous_3)","decl":{"start":{"line":20,"column":24},"end":{"line":20,"column":25}},"loc":{"start":{"line":20,"column":57},"end":{"line":22,"column":1}}},"4":{"name":"(anonymous_4)","decl":{"start":{"line":24,"column":31},"end":{"line":24,"column":32}},"loc":{"start":{"line":24,"column":85},"end":{"line":35,"column":1}}},"5":{"name":"(anonymous_5)","decl":{"start":{"line":28,"column":21},"end":{"line":28,"column":28}},"loc":{"start":{"line":28,"column":31},"end":{"line":32,"column":5}}}},"branchMap":{"0":{"loc":{"start":{"line":7,"column":4},"end":{"line":14,"column":null}},"type":"if","locations":[{"start":{"line":7,"column":4},"end":{"line":14,"column":null}}]},"1":{"loc":{"start":{"line":8,"column":8},"end":{"line":11,"column":72}},"type":"binary-expr","locations":[{"start":{"line":8,"column":8},"end":{"line":8,"column":24}},{"start":{"line":9,"column":9},"end":{"line":9,"column":40}},{"start":{"line":9,"column":44},"end":{"line":9,"column":75}},{"start":{"line":10,"column":9},"end":{"line":10,"column":43}},{"start":{"line":10,"column":47},"end":{"line":10,"column":78}},{"start":{"line":11,"column":8},"end":{"line":11,"column":72}}]},"2":{"loc":{"start":{"line":29,"column":8},"end":{"line":31,"column":null}},"type":"if","locations":[{"start":{"line":29,"column":8},"end":{"line":31,"column":null}}]}},"s":{"0":1,"1":5,"2":5,"3":1,"4":1,"5":30,"6":61,"7":4,"8":26,"9":26,"10":1,"11":1,"12":1,"13":1,"14":1,"15":4,"16":4,"17":20,"18":4,"19":4,"20":1},"f":{"0":5,"1":30,"2":61,"3":1,"4":4,"5":20},"b":{"0":[4],"1":[30,29,29,27,27,27],"2":[4]}}
}
