{"C:\\Users\\Alexd\\OneDrive - De Vinci\\A4 DW\\Dev\\RenduTDD\\index.ts": {"path":"C:\\Users\\Alexd\\OneDrive - De Vinci\\A4 DW\\Dev\\RenduTDD\\index.ts","statementMap":{"0":{"start":{"line":1,"column":25},"end":{"line":4,"column":1}},"1":{"start":{"line":2,"column":4},"end":{"line":2,"column":18}},"2":{"start":{"line":3,"column":4},"end":{"line":3,"column":20}},"3":{"start":{"line":1,"column":13},"end":{"line":1,"column":25}},"4":{"start":{"line":6,"column":25},"end":{"line":18,"column":1}},"5":{"start":{"line":7,"column":4},"end":{"line":14,"column":null}},"6":{"start":{"line":11,"column":34},"end":{"line":11,"column":57}},"7":{"start":{"line":13,"column":8},"end":{"line":13,"column":30}},"8":{"start":{"line":15,"column":4},"end":{"line":15,"column":26}},"9":{"start":{"line":17,"column":4},"end":{"line":17,"column":20}},"10":{"start":{"line":6,"column":13},"end":{"line":6,"column":25}},"11":{"start":{"line":20,"column":24},"end":{"line":22,"column":1}},"12":{"start":{"line":21,"column":4},"end":{"line":21,"column":27}},"13":{"start":{"line":20,"column":13},"end":{"line":20,"column":24}},"14":{"start":{"line":24,"column":31},"end":{"line":35,"column":1}},"15":{"start":{"line":26,"column":26},"end":{"line":26,"column":28}},"16":{"start":{"line":28,"column":4},"end":{"line":32,"column":7}},"17":{"start":{"line":29,"column":8},"end":{"line":31,"column":null}},"18":{"start":{"line":30,"column":12},"end":{"line":30,"column":null}},"19":{"start":{"line":34,"column":4},"end":{"line":34,"column":15}},"20":{"start":{"line":24,"column":13},"end":{"line":24,"column":31}},"21":{"start":{"line":37,"column":25},"end":{"line":47,"column":1}},"22":{"start":{"line":39,"column":4},"end":{"line":44,"column":null}},"23":{"start":{"line":43,"column":8},"end":{"line":43,"column":34}},"24":{"start":{"line":46,"column":4},"end":{"line":46,"column":22}},"25":{"start":{"line":37,"column":13},"end":{"line":37,"column":25}}},"fnMap":{"0":{"name":"(anonymous_0)","decl":{"start":{"line":1,"column":25},"end":{"line":1,"column":26}},"loc":{"start":{"line":1,"column":62},"end":{"line":4,"column":1}}},"1":{"name":"(anonymous_1)","decl":{"start":{"line":6,"column":25},"end":{"line":6,"column":26}},"loc":{"start":{"line":6,"column":101},"end":{"line":18,"column":1}}},"2":{"name":"(anonymous_2)","decl":{"start":{"line":11,"column":23},"end":{"line":11,"column":30}},"loc":{"start":{"line":11,"column":34},"end":{"line":11,"column":57}}},"3":{"name":"(anonymous_3)","decl":{"start":{"line":20,"column":24},"end":{"line":20,"column":25}},"loc":{"start":{"line":20,"column":57},"end":{"line":22,"column":1}}},"4":{"name":"(anonymous_4)","decl":{"start":{"line":24,"column":31},"end":{"line":24,"column":32}},"loc":{"start":{"line":24,"column":85},"end":{"line":35,"column":1}}},"5":{"name":"(anonymous_5)","decl":{"start":{"line":28,"column":21},"end":{"line":28,"column":28}},"loc":{"start":{"line":28,"column":31},"end":{"line":32,"column":5}}},"6":{"name":"(anonymous_6)","decl":{"start":{"line":37,"column":25},"end":{"line":37,"column":26}},"loc":{"start":{"line":37,"column":67},"end":{"line":47,"column":1}}}},"branchMap":{"0":{"loc":{"start":{"line":7,"column":4},"end":{"line":14,"column":null}},"type":"if","locations":[{"start":{"line":7,"column":4},"end":{"line":14,"column":null}}]},"1":{"loc":{"start":{"line":8,"column":8},"end":{"line":11,"column":72}},"type":"binary-expr","locations":[{"start":{"line":8,"column":8},"end":{"line":8,"column":24}},{"start":{"line":9,"column":8},"end":{"line":9,"column":39}},{"start":{"line":9,"column":43},"end":{"line":9,"column":74}},{"start":{"line":10,"column":8},"end":{"line":10,"column":42}},{"start":{"line":10,"column":46},"end":{"line":10,"column":77}},{"start":{"line":11,"column":8},"end":{"line":11,"column":72}}]},"2":{"loc":{"start":{"line":29,"column":8},"end":{"line":31,"column":null}},"type":"if","locations":[{"start":{"line":29,"column":8},"end":{"line":31,"column":null}}]},"3":{"loc":{"start":{"line":39,"column":4},"end":{"line":44,"column":null}},"type":"if","locations":[{"start":{"line":39,"column":4},"end":{"line":44,"column":null}}]}},"s":{"0":1,"1":7,"2":7,"3":1,"4":1,"5":32,"6":67,"7":4,"8":28,"9":28,"10":1,"11":1,"12":2,"13":1,"14":1,"15":4,"16":4,"17":20,"18":4,"19":4,"20":1,"21":1,"22":2,"23":1,"24":2,"25":1},"f":{"0":7,"1":32,"2":67,"3":2,"4":4,"5":20,"6":2},"b":{"0":[4],"1":[32,31,30,29,29,29],"2":[4],"3":[1]}}
}
