TN:
SF:index.ts
FN:1,(anonymous_0)
FN:6,(anonymous_1)
FN:11,(anonymous_2)
FN:20,(anonymous_3)
FN:24,(anonymous_4)
FN:28,(anonymous_5)
FNF:6
FNH:6
FNDA:5,(anonymous_0)
FNDA:30,(anonymous_1)
FNDA:61,(anonymous_2)
FNDA:1,(anonymous_3)
FNDA:4,(anonymous_4)
FNDA:20,(anonymous_5)
DA:1,1
DA:2,5
DA:3,5
DA:6,1
DA:7,30
DA:11,61
DA:13,4
DA:15,26
DA:17,26
DA:20,1
DA:21,1
DA:24,1
DA:26,4
DA:28,4
DA:29,20
DA:30,4
DA:34,4
LF:17
LH:17
BRDA:7,0,0,4
BRDA:8,1,0,30
BRDA:8,1,1,29
BRDA:8,1,2,29
BRDA:8,1,3,27
BRDA:8,1,4,27
BRDA:8,1,5,27
BRDA:29,2,0,4
BRF:8
BRH:8
end_of_record
